12/14/2022 12:46:46 PM	This log contains information about the import schema operation into project 'db' on computer 'GEMGN-220445' by user 'Palak.Jain'.
12/14/2022 12:46:46 PM	Import of database schema has started.
12/14/2022 12:46:52 PM	Gathering database credentials
12/14/2022 12:46:52 PM	Gathering database options
12/14/2022 12:46:52 PM	Gathering generic database scoped configuration option
12/14/2022 12:46:52 PM	Gathering users
12/14/2022 12:46:52 PM	Gathering roles
12/14/2022 12:46:52 PM	Gathering application roles
12/14/2022 12:46:52 PM	Gathering role memberships
12/14/2022 12:46:52 PM	Gathering filegroups
12/14/2022 12:46:52 PM	Gathering full-text catalogs
12/14/2022 12:46:52 PM	Gathering assemblies
12/14/2022 12:46:52 PM	Gathering certificates
12/14/2022 12:46:52 PM	Gathering asymmetric keys
12/14/2022 12:46:52 PM	Gathering symmetric keys
12/14/2022 12:46:52 PM	Gathering encrypted symmetric keys
12/14/2022 12:46:52 PM	Gathering schemas
12/14/2022 12:46:52 PM	Gathering XML schema collections
12/14/2022 12:46:52 PM	Gathering user-defined data types
12/14/2022 12:46:52 PM	Gathering user-defined types
12/14/2022 12:46:52 PM	Gathering table types
12/14/2022 12:46:52 PM	Gathering unique keys for table types
12/14/2022 12:46:52 PM	Gathering primary keys for table types
12/14/2022 12:46:52 PM	Gathering indexes for table types
12/14/2022 12:46:52 PM	Gathering check constraints for table types
12/14/2022 12:46:52 PM	Gathering default constraints for table types
12/14/2022 12:46:52 PM	Gathering partition functions
12/14/2022 12:46:52 PM	Gathering partition schemes
12/14/2022 12:46:52 PM	Gathering functions
12/14/2022 12:46:52 PM	Gathering encrypted functions
12/14/2022 12:46:52 PM	Gathering aggregates
12/14/2022 12:46:52 PM	Gathering procedures
12/14/2022 12:46:52 PM	Gathering encrypted procedures
12/14/2022 12:46:52 PM	Gathering tables
12/14/2022 12:46:53 PM	Gathering primary keys
12/14/2022 12:46:53 PM	Gathering unique constraints
12/14/2022 12:46:53 PM	Gathering foreign keys
12/14/2022 12:46:53 PM	Gathering default constraints
12/14/2022 12:46:53 PM	Gathering check constraints
12/14/2022 12:46:53 PM	Gathering views
12/14/2022 12:46:53 PM	Gathering encrypted views
12/14/2022 12:46:53 PM	Gathering indexes
12/14/2022 12:46:53 PM	Gathering statistics
12/14/2022 12:46:53 PM	Gathering full-text index stoplists
12/14/2022 12:46:53 PM	Gathering search property lists
12/14/2022 12:46:53 PM	Gathering search properties
12/14/2022 12:46:53 PM	Gathering full-text indexes
12/14/2022 12:46:53 PM	Gathering column store indexes
12/14/2022 12:46:53 PM	Gathering spatial indexes
12/14/2022 12:46:53 PM	Gathering XML indexes
12/14/2022 12:46:53 PM	Gathering Selective XML indexes
12/14/2022 12:46:53 PM	Gathering encrypted triggers
12/14/2022 12:46:53 PM	Gathering triggers
12/14/2022 12:46:53 PM	Gathering encrypted and clr ddl triggers
12/14/2022 12:46:53 PM	Gathering ddl triggers
12/14/2022 12:46:53 PM	Creating edge constraints
12/14/2022 12:46:53 PM	Gathering synonyms
12/14/2022 12:46:53 PM	Gathering defaults
12/14/2022 12:46:53 PM	Gathering data constraint uddt bindings
12/14/2022 12:46:53 PM	Gathering rules
12/14/2022 12:46:53 PM	Gathering data constraint uddt bindings
12/14/2022 12:46:53 PM	Gathering message types
12/14/2022 12:46:53 PM	Gathering queues
12/14/2022 12:46:53 PM	Gathering contracts
12/14/2022 12:46:53 PM	Gathering services
12/14/2022 12:46:53 PM	Gathering event notifications
12/14/2022 12:46:53 PM	Gathering remote service bindings
12/14/2022 12:46:53 PM	Gathering broker priorities
12/14/2022 12:46:53 PM	Gathering signatures
12/14/2022 12:46:53 PM	Gathering data compression options
12/14/2022 12:46:53 PM	Gathering sequence types
12/14/2022 12:46:53 PM	Gathering security policies
12/14/2022 12:46:53 PM	Gather column encryption keys
12/14/2022 12:46:53 PM	Gathering column master keys
12/14/2022 12:46:53 PM	Gathering external data sources
12/14/2022 12:46:53 PM	Gathering external file formats
12/14/2022 12:46:53 PM	Gathering external tables
12/14/2022 12:46:53 PM	Gathering extended properties
12/14/2022 12:46:53 PM	Gathering assemblies
12/14/2022 12:46:53 PM	Gathering credentials
12/14/2022 12:46:53 PM	Gathering logins
12/14/2022 12:46:53 PM	Gathering server audits
12/14/2022 12:46:53 PM	Scanning project for duplicate elements
12/14/2022 12:46:53 PM	Finished duplicate element processing
12/14/2022 12:46:54 PM	Finished importing database.
12/14/2022 12:46:54 PM	A summary of the import was saved to the following location: C:\Users\palak.jain\Documents\C#\FreeCodeCamp\db\Import Schema Logs\db_20221214071646.log
12/14/2022 12:46:54 PM	Click Finish to continue...
